<?xml version="1.0" encoding="UTF-8"?>
<testsuite xmlns:xsi="http://www.w3.org/2001/XMLSchema-instance" xsi:noNamespaceSchemaLocation="https://maven.apache.org/surefire/maven-surefire-plugin/xsd/surefire-test-report-3.0.xsd" version="3.0" name="de.eahjena.wi.workflowmanager.events.EventManagerTest" time="0.071" tests="1" errors="0" skipped="0" failures="0">
  <properties>
    <property name="java.specification.version" value="22"/>
    <property name="sun.cpu.isalist" value="amd64"/>
    <property name="sun.jnu.encoding" value="Cp1252"/>
    <property name="java.class.path" value="C:\Users\Alex\Meine Ablage\EAH\myfancydrink\i4.0-demo\Workflowmanager\target\test-classes;C:\Users\Alex\Meine Ablage\EAH\myfancydrink\i4.0-demo\Workflowmanager\target\classes;C:\Users\Alex\.m2\repository\junit\junit\4.11\junit-4.11.jar;C:\Users\Alex\.m2\repository\org\hamcrest\hamcrest-core\1.3\hamcrest-core-1.3.jar;C:\Users\Alex\.m2\repository\org\eclipse\paho\org.eclipse.paho.client.mqttv3\1.0.2\org.eclipse.paho.client.mqttv3-1.0.2.jar;C:\Users\Alex\.m2\repository\org\apache\logging\log4j\log4j-api\2.7\log4j-api-2.7.jar;C:\Users\Alex\.m2\repository\org\apache\logging\log4j\log4j-core\2.7\log4j-core-2.7.jar;C:\Users\Alex\.m2\repository\org\slf4j\slf4j-api\2.0.9\slf4j-api-2.0.9.jar;C:\Users\Alex\.m2\repository\org\slf4j\slf4j-simple\2.0.9\slf4j-simple-2.0.9.jar;C:\Users\Alex\.m2\repository\org\activiti\activiti-engine\5.22.0\activiti-engine-5.22.0.jar;C:\Users\Alex\.m2\repository\org\activiti\activiti-bpmn-converter\5.22.0\activiti-bpmn-converter-5.22.0.jar;C:\Users\Alex\.m2\repository\org\activiti\activiti-bpmn-model\5.22.0\activiti-bpmn-model-5.22.0.jar;C:\Users\Alex\.m2\repository\com\fasterxml\jackson\core\jackson-core\2.2.3\jackson-core-2.2.3.jar;C:\Users\Alex\.m2\repository\com\fasterxml\jackson\core\jackson-databind\2.2.3\jackson-databind-2.2.3.jar;C:\Users\Alex\.m2\repository\com\fasterxml\jackson\core\jackson-annotations\2.2.3\jackson-annotations-2.2.3.jar;C:\Users\Alex\.m2\repository\org\activiti\activiti-process-validation\5.22.0\activiti-process-validation-5.22.0.jar;C:\Users\Alex\.m2\repository\org\activiti\activiti-image-generator\5.22.0\activiti-image-generator-5.22.0.jar;C:\Users\Alex\.m2\repository\org\apache\commons\commons-email\1.4\commons-email-1.4.jar;C:\Users\Alex\.m2\repository\com\sun\mail\javax.mail\1.5.2\javax.mail-1.5.2.jar;C:\Users\Alex\.m2\repository\javax\activation\activation\1.1.1\activation-1.1.1.jar;C:\Users\Alex\.m2\repository\org\apache\commons\commons-lang3\3.3.2\commons-lang3-3.3.2.jar;C:\Users\Alex\.m2\repository\org\mybatis\mybatis\3.3.0\mybatis-3.3.0.jar;C:\Users\Alex\.m2\repository\org\springframework\spring-beans\4.1.5.RELEASE\spring-beans-4.1.5.RELEASE.jar;C:\Users\Alex\.m2\repository\org\springframework\spring-core\4.1.5.RELEASE\spring-core-4.1.5.RELEASE.jar;C:\Users\Alex\.m2\repository\commons-logging\commons-logging\1.2\commons-logging-1.2.jar;C:\Users\Alex\.m2\repository\joda-time\joda-time\2.6\joda-time-2.6.jar;C:\Users\Alex\.m2\repository\org\slf4j\jcl-over-slf4j\1.7.6\jcl-over-slf4j-1.7.6.jar;C:\Users\Alex\.m2\repository\mysql\mysql-connector-java\5.1.34\mysql-connector-java-5.1.34.jar;C:\Users\Alex\.m2\repository\org\json\json\20160810\json-20160810.jar;C:\Users\Alex\.m2\repository\org\codehaus\jackson\jackson-mapper-asl\1.9.10\jackson-mapper-asl-1.9.10.jar;C:\Users\Alex\.m2\repository\org\codehaus\jackson\jackson-core-asl\1.9.10\jackson-core-asl-1.9.10.jar;"/>
    <property name="sun.awt.enableExtraMouseButtons" value="true"/>
    <property name="java.vm.vendor" value="Oracle Corporation"/>
    <property name="sun.arch.data.model" value="64"/>
    <property name="user.variant" value=""/>
    <property name="java.vendor.url" value="https://java.oracle.com/"/>
    <property name="user.timezone" value="Europe/Berlin"/>
    <property name="os.name" value="Windows 11"/>
    <property name="java.vm.specification.version" value="22"/>
    <property name="sun.java.launcher" value="SUN_STANDARD"/>
    <property name="user.country" value="DE"/>
    <property name="sun.boot.library.path" value="C:\Program Files\Java\jdk-22\bin"/>
    <property name="sun.java.command" value="C:\Users\Alex\AppData\Local\Temp\surefire5946887300681259869\surefirebooter-20240507132814398_3.jar C:\Users\Alex\AppData\Local\Temp\surefire5946887300681259869 2024-05-07T13-28-14_296-jvmRun1 surefire-20240507132814398_1tmp surefire_0-20240507132814398_2tmp"/>
    <property name="jdk.debug" value="release"/>
    <property name="surefire.test.class.path" value="C:\Users\Alex\Meine Ablage\EAH\myfancydrink\i4.0-demo\Workflowmanager\target\test-classes;C:\Users\Alex\Meine Ablage\EAH\myfancydrink\i4.0-demo\Workflowmanager\target\classes;C:\Users\Alex\.m2\repository\junit\junit\4.11\junit-4.11.jar;C:\Users\Alex\.m2\repository\org\hamcrest\hamcrest-core\1.3\hamcrest-core-1.3.jar;C:\Users\Alex\.m2\repository\org\eclipse\paho\org.eclipse.paho.client.mqttv3\1.0.2\org.eclipse.paho.client.mqttv3-1.0.2.jar;C:\Users\Alex\.m2\repository\org\apache\logging\log4j\log4j-api\2.7\log4j-api-2.7.jar;C:\Users\Alex\.m2\repository\org\apache\logging\log4j\log4j-core\2.7\log4j-core-2.7.jar;C:\Users\Alex\.m2\repository\org\slf4j\slf4j-api\2.0.9\slf4j-api-2.0.9.jar;C:\Users\Alex\.m2\repository\org\slf4j\slf4j-simple\2.0.9\slf4j-simple-2.0.9.jar;C:\Users\Alex\.m2\repository\org\activiti\activiti-engine\5.22.0\activiti-engine-5.22.0.jar;C:\Users\Alex\.m2\repository\org\activiti\activiti-bpmn-converter\5.22.0\activiti-bpmn-converter-5.22.0.jar;C:\Users\Alex\.m2\repository\org\activiti\activiti-bpmn-model\5.22.0\activiti-bpmn-model-5.22.0.jar;C:\Users\Alex\.m2\repository\com\fasterxml\jackson\core\jackson-core\2.2.3\jackson-core-2.2.3.jar;C:\Users\Alex\.m2\repository\com\fasterxml\jackson\core\jackson-databind\2.2.3\jackson-databind-2.2.3.jar;C:\Users\Alex\.m2\repository\com\fasterxml\jackson\core\jackson-annotations\2.2.3\jackson-annotations-2.2.3.jar;C:\Users\Alex\.m2\repository\org\activiti\activiti-process-validation\5.22.0\activiti-process-validation-5.22.0.jar;C:\Users\Alex\.m2\repository\org\activiti\activiti-image-generator\5.22.0\activiti-image-generator-5.22.0.jar;C:\Users\Alex\.m2\repository\org\apache\commons\commons-email\1.4\commons-email-1.4.jar;C:\Users\Alex\.m2\repository\com\sun\mail\javax.mail\1.5.2\javax.mail-1.5.2.jar;C:\Users\Alex\.m2\repository\javax\activation\activation\1.1.1\activation-1.1.1.jar;C:\Users\Alex\.m2\repository\org\apache\commons\commons-lang3\3.3.2\commons-lang3-3.3.2.jar;C:\Users\Alex\.m2\repository\org\mybatis\mybatis\3.3.0\mybatis-3.3.0.jar;C:\Users\Alex\.m2\repository\org\springframework\spring-beans\4.1.5.RELEASE\spring-beans-4.1.5.RELEASE.jar;C:\Users\Alex\.m2\repository\org\springframework\spring-core\4.1.5.RELEASE\spring-core-4.1.5.RELEASE.jar;C:\Users\Alex\.m2\repository\commons-logging\commons-logging\1.2\commons-logging-1.2.jar;C:\Users\Alex\.m2\repository\joda-time\joda-time\2.6\joda-time-2.6.jar;C:\Users\Alex\.m2\repository\org\slf4j\jcl-over-slf4j\1.7.6\jcl-over-slf4j-1.7.6.jar;C:\Users\Alex\.m2\repository\mysql\mysql-connector-java\5.1.34\mysql-connector-java-5.1.34.jar;C:\Users\Alex\.m2\repository\org\json\json\20160810\json-20160810.jar;C:\Users\Alex\.m2\repository\org\codehaus\jackson\jackson-mapper-asl\1.9.10\jackson-mapper-asl-1.9.10.jar;C:\Users\Alex\.m2\repository\org\codehaus\jackson\jackson-core-asl\1.9.10\jackson-core-asl-1.9.10.jar;"/>
    <property name="sun.cpu.endian" value="little"/>
    <property name="user.home" value="C:\Users\Alex"/>
    <property name="user.language" value="de"/>
    <property name="java.specification.vendor" value="Oracle Corporation"/>
    <property name="java.version.date" value="2024-04-16"/>
    <property name="java.home" value="C:\Program Files\Java\jdk-22"/>
    <property name="file.separator" value="\"/>
    <property name="basedir" value="C:\Users\Alex\Meine Ablage\EAH\myfancydrink\i4.0-demo\Workflowmanager"/>
    <property name="java.vm.compressedOopsMode" value="Zero based"/>
    <property name="line.separator" value="&#10;"/>
    <property name="java.vm.specification.vendor" value="Oracle Corporation"/>
    <property name="java.specification.name" value="Java Platform API Specification"/>
    <property name="surefire.real.class.path" value="C:\Users\Alex\AppData\Local\Temp\surefire5946887300681259869\surefirebooter-20240507132814398_3.jar"/>
    <property name="user.script" value=""/>
    <property name="sun.management.compiler" value="HotSpot 64-Bit Tiered Compilers"/>
    <property name="java.runtime.version" value="22.0.1+8-16"/>
    <property name="user.name" value="Alex"/>
    <property name="stdout.encoding" value="Cp1252"/>
    <property name="path.separator" value=";"/>
    <property name="os.version" value="10.0"/>
    <property name="java.runtime.name" value="Java(TM) SE Runtime Environment"/>
    <property name="file.encoding" value="UTF-8"/>
    <property name="java.vm.name" value="Java HotSpot(TM) 64-Bit Server VM"/>
    <property name="localRepository" value="C:\Users\Alex\.m2\repository"/>
    <property name="java.vendor.url.bug" value="https://bugreport.java.com/bugreport/"/>
    <property name="java.io.tmpdir" value="C:\Users\Alex\AppData\Local\Temp\"/>
    <property name="java.version" value="22.0.1"/>
    <property name="user.dir" value="C:\Users\Alex\Meine Ablage\EAH\myfancydrink\i4.0-demo\Workflowmanager"/>
    <property name="os.arch" value="amd64"/>
    <property name="java.vm.specification.name" value="Java Virtual Machine Specification"/>
    <property name="sun.os.patch.level" value=""/>
    <property name="native.encoding" value="Cp1252"/>
    <property name="java.library.path" value="C:\Program Files\Java\jdk-22\bin;C:\WINDOWS\Sun\Java\bin;C:\WINDOWS\system32;C:\WINDOWS;C:\Program Files\Common Files\Oracle\Java\javapath;C:\Program Files (x86)\Common Files\Oracle\Java\java8path;C:\Program Files (x86)\Common Files\Oracle\Java\javapath;C:\Python312\Scripts\;C:\Python312\;C:\Program Files\NVIDIA GPU Computing Toolkit\CUDA\v12.3\bin;C:\Program Files\NVIDIA GPU Computing Toolkit\CUDA\v12.3\libnvvp;C:\WINDOWS\system32;C:\WINDOWS;C:\WINDOWS\System32\Wbem;C:\WINDOWS\System32\WindowsPowerShell\v1.0\;C:\WINDOWS\System32\OpenSSH\;C:\Program Files\NVIDIA Corporation\Nsight Compute 2023.3.1\;C:\Program Files (x86)\NVIDIA Corporation\PhysX\Common;C:\Program Files\NVIDIA Corporation\NVIDIA NvDLISR;C:\Program Files\nodejs\;C:\ProgramData\chocolatey\bin;C:\Program Files\apache-maven-3.9.6\bin;C:\Users\Alex\AppData\Local\Microsoft\WindowsApps;C:\Users\Alex\AppData\Local\Programs\Microsoft VS Code\bin;C:\Users\Alex\AppData\Roaming\npm;."/>
    <property name="java.vm.info" value="mixed mode, sharing"/>
    <property name="stderr.encoding" value="Cp1252"/>
    <property name="java.vendor" value="Oracle Corporation"/>
    <property name="java.vm.version" value="22.0.1+8-16"/>
    <property name="sun.io.unicode.encoding" value="UnicodeLittle"/>
    <property name="java.class.version" value="66.0"/>
  </properties>
  <testcase name="test" classname="de.eahjena.wi.workflowmanager.events.EventManagerTest" time="0.07">
    <system-out><![CDATA[13:28:16.713 [main] DEBUG de.eahjena.wi.workflowmanager.events.EventManager - Connecting to broker: tcp://localhost:1883
13:28:16.720 [main] DEBUG de.eahjena.wi.workflowmanager.events.EventManager - Connected
13:28:16.720 [main] DEBUG de.eahjena.wi.workflowmanager.events.EventManager - subscribing topic: 'workflow/#'
13:28:16.722 [main] DEBUG de.eahjena.wi.workflowmanager.events.EventManager - Publishing message: topic:'workflow/tasklist' message:'Hey Nico'
13:28:16.722 [MQTT Call: NicoEclipseTest] DEBUG de.eahjena.wi.workflowmanager.events.EventManager - Message arrived... topic:'workflow/tasklist' message:'Hey Nico'
13:28:16.722 [MQTT Call: NicoEclipseTest] DEBUG de.eahjena.wi.workflowmanager.events.EventManagerTest - new message arrived: topic: 'workflow/tasklist' message: 'Hey Nico'
13:28:16.723 [MQTT Call: NicoEclipseTest] DEBUG de.eahjena.wi.workflowmanager.events.EventManager - Message arrived... topic:'workflow/tasklist/user/alex' message:'{"userId":"alex","groupId":null,"tasks":null}'
13:28:16.723 [MQTT Call: NicoEclipseTest] DEBUG de.eahjena.wi.workflowmanager.events.EventManagerTest - new message arrived: topic: 'workflow/tasklist/user/alex' message: '{"userId":"alex","groupId":null,"tasks":null}'
13:28:16.723 [MQTT Call: NicoEclipseTest] DEBUG de.eahjena.wi.workflowmanager.events.EventManager - Message arrived... topic:'workflow/tasklist/user/service' message:'{"userId":"service","groupId":"service","tasks":[{"id":"10","name":"Juice","productId":"77","startTime":1715076163000,"components":[{"id":"1","name":"Fruit juice","value":"Orange juice"}]},{"id":"32510","name":"Juice","productId":"81","startTime":1715077987000,"components":[{"id":"1","name":"Fruit juice","value":"Orange juice"}]},{"id":"42517","name":"Juice","productId":"84","startTime":1715079345000,"components":[{"id":"1","name":"Fruit juice","value":"Orange juice"}]},{"id":"42524","name":"Juice","productId":"85","startTime":1715079394000,"components":[{"id":"1","name":"Fruit juice","value":"Orange juice"}]},{"id":"47513","name":"Puree","productId":"80","startTime":1715079539000,"components":[{"id":"2","name":"Fruit puree","value":"Mango puree"}]},{"id":"47516","name":"Puree","productId":"82","startTime":1715079573000,"components":[{"id":"2","name":"Fruit puree","value":"Mango puree"}]},{"id":"67521","name":"Pieces","productId":"87","startTime":1715080064000,"components":[{"id":"3","name":"Fruit pieces","value":"Raspberries"}]}]}'
13:28:16.723 [MQTT Call: NicoEclipseTest] DEBUG de.eahjena.wi.workflowmanager.events.EventManagerTest - new message arrived: topic: 'workflow/tasklist/user/service' message: '{"userId":"service","groupId":"service","tasks":[{"id":"10","name":"Juice","productId":"77","startTime":1715076163000,"components":[{"id":"1","name":"Fruit juice","value":"Orange juice"}]},{"id":"32510","name":"Juice","productId":"81","startTime":1715077987000,"components":[{"id":"1","name":"Fruit juice","value":"Orange juice"}]},{"id":"42517","name":"Juice","productId":"84","startTime":1715079345000,"components":[{"id":"1","name":"Fruit juice","value":"Orange juice"}]},{"id":"42524","name":"Juice","productId":"85","startTime":1715079394000,"components":[{"id":"1","name":"Fruit juice","value":"Orange juice"}]},{"id":"47513","name":"Puree","productId":"80","startTime":1715079539000,"components":[{"id":"2","name":"Fruit puree","value":"Mango puree"}]},{"id":"47516","name":"Puree","productId":"82","startTime":1715079573000,"components":[{"id":"2","name":"Fruit puree","value":"Mango puree"}]},{"id":"67521","name":"Pieces","productId":"87","startTime":1715080064000,"components":[{"id":"3","name":"Fruit pieces","value":"Raspberries"}]}]}'
13:28:16.723 [MQTT Call: NicoEclipseTest] DEBUG de.eahjena.wi.workflowmanager.events.EventManager - Message arrived... topic:'workflow/tasklist/user/17' message:'{"userId":"17","groupId":null,"tasks":null}'
13:28:16.723 [MQTT Call: NicoEclipseTest] DEBUG de.eahjena.wi.workflowmanager.events.EventManagerTest - new message arrived: topic: 'workflow/tasklist/user/17' message: '{"userId":"17","groupId":null,"tasks":null}'
13:28:16.723 [MQTT Call: NicoEclipseTest] DEBUG de.eahjena.wi.workflowmanager.events.EventManager - Message arrived... topic:'workflow/mytasklist/user/alex' message:'{"userId":"alex","groupId":null,"tasks":null}'
13:28:16.723 [MQTT Call: NicoEclipseTest] DEBUG de.eahjena.wi.workflowmanager.events.EventManagerTest - new message arrived: topic: 'workflow/mytasklist/user/alex' message: '{"userId":"alex","groupId":null,"tasks":null}'
13:28:16.723 [MQTT Call: NicoEclipseTest] DEBUG de.eahjena.wi.workflowmanager.events.EventManager - Message arrived... topic:'workflow/mytasklist/user/service' message:'{"userId":"service","groupId":null,"tasks":[{"id":"42510","name":"Juice","productId":"83","startTime":1715078992000,"components":[{"id":"1","name":"Fruit juice","value":"Orange juice"}]}]}'
13:28:16.723 [MQTT Call: NicoEclipseTest] DEBUG de.eahjena.wi.workflowmanager.events.EventManagerTest - new message arrived: topic: 'workflow/mytasklist/user/service' message: '{"userId":"service","groupId":null,"tasks":[{"id":"42510","name":"Juice","productId":"83","startTime":1715078992000,"components":[{"id":"1","name":"Fruit juice","value":"Orange juice"}]}]}'
13:28:16.723 [main] DEBUG de.eahjena.wi.workflowmanager.events.EventManager - Message published
13:28:16.723 [MQTT Call: NicoEclipseTest] DEBUG de.eahjena.wi.workflowmanager.events.EventManager - Message arrived... topic:'workflow/mytasklist/user/17' message:'{"userId":"17","groupId":null,"tasks":null}'
13:28:16.723 [MQTT Call: NicoEclipseTest] DEBUG de.eahjena.wi.workflowmanager.events.EventManagerTest - new message arrived: topic: 'workflow/mytasklist/user/17' message: '{"userId":"17","groupId":null,"tasks":null}'
13:28:16.723 [MQTT Call: NicoEclipseTest] DEBUG de.eahjena.wi.workflowmanager.events.EventManager - Message arrived... topic:'workflow/tasklist' message:'Hey Nico'
13:28:16.723 [MQTT Call: NicoEclipseTest] DEBUG de.eahjena.wi.workflowmanager.events.EventManagerTest - new message arrived: topic: 'workflow/tasklist' message: 'Hey Nico'
13:28:16.725 [main] DEBUG de.eahjena.wi.workflowmanager.events.EventManager - Disconnected
]]></system-out>
  </testcase>
</testsuite>